<?xml version="1.0" encoding="UTF-8"?>
<testng-results ignored="0" total="1" passed="1" failed="0" skipped="0">
  <reporter-output>
  </reporter-output>
  <suite started-at="2025-07-02T14:12:00 IST" name="Default suite" finished-at="2025-07-02T14:12:43 IST" duration-ms="43038">
    <groups>
      <group name="Smoke">
        <method signature="TestEnrollMember.TestCase1()[pri:0, instance:TestMembership.TestEnrollMember@42a48628]" name="TestCase1" class="TestMembership.TestEnrollMember"/>
      </group> <!-- Smoke -->
    </groups>
    <test started-at="2025-07-02T14:12:00 IST" name="Default test" finished-at="2025-07-02T14:12:43 IST" duration-ms="43038">
      <class name="TestMembership.TestEnrollMember">
        <test-method is-config="true" signature="setup()[pri:0, instance:TestMembership.TestEnrollMember@42a48628]" started-at="2025-07-02T14:12:00 IST" name="setup" finished-at="2025-07-02T14:12:13 IST" duration-ms="13322" status="PASS">
          <reporter-output>
          </reporter-output>
        </test-method> <!-- setup -->
        <test-method is-config="true" signature="login()[pri:0, instance:TestMembership.TestEnrollMember@42a48628]" started-at="2025-07-02T14:12:13 IST" name="login" finished-at="2025-07-02T14:12:19 IST" duration-ms="6183" status="PASS">
          <reporter-output>
          </reporter-output>
        </test-method> <!-- login -->
        <test-method signature="TestCase1()[pri:0, instance:TestMembership.TestEnrollMember@42a48628]" started-at="2025-07-02T14:12:19 IST" name="TestCase1" finished-at="2025-07-02T14:12:43 IST" duration-ms="23469" status="PASS">
          <reporter-output>
          </reporter-output>
        </test-method> <!-- TestCase1 -->
      </class> <!-- TestMembership.TestEnrollMember -->
    </test> <!-- Default test -->
  </suite> <!-- Default suite -->
</testng-results>
